<?xml version="1.0" encoding="UTF-8"?>
<!-- Generated by org.testng.reporters.JUnitReportReporter -->
<testsuite hostname="Kumars-Air" failures="0" tests="7" name="org.case1.Registerchild" time="0.248" errors="0" timestamp="2024-06-30T20:45:29 GMT-04:00" skipped="0">
  <testcase classname="org.case1.Registerchild" name="confirmpassword" time="0.021"/>
  <system-out/>
  <testcase classname="org.case1.Registerchild" name="confirmpassword" time="0.019"/>
  <system-out/>
  <testcase classname="org.case1.Registerchild" name="confirmpassword" time="0.020"/>
  <system-out/>
  <testcase classname="org.case1.Registerchild" name="confirmpassword" time="0.083"/>
  <system-out/>
  <testcase classname="org.case1.Registerchild" name="confirmpassword" time="0.023"/>
  <system-out/>
  <testcase classname="org.case1.Registerchild" name="password" time="0.043"/>
  <system-out/>
  <testcase classname="org.case1.Registerchild" name="username" time="0.039"/>
  <system-out/>
</testsuite> <!-- org.case1.Registerchild -->
