<?xml version="1.0" encoding="UTF-8"?>
<!-- Generated by org.testng.reporters.JUnitReportReporter -->
<testsuite hostname="Kumars-Air" failures="0" tests="8" name="org.case1.UsernameGroup" time="8.422" errors="0" timestamp="2024-07-06T11:38:47 GMT-04:00" skipped="0">
  <testcase classname="org.case1.UsernameGroup" name="browserlaunch" time="0.407"/>
  <system-out/>
  <testcase classname="org.case1.UsernameGroup" name="browser" time="2.936"/>
  <system-out/>
  <testcase classname="org.case1.UsernameGroup" name="browserlaunch" time="0.229"/>
  <system-out/>
  <testcase classname="org.case1.UsernameGroup" name="browserlaunch" time="0.378"/>
  <system-out/>
  <testcase classname="org.case1.UsernameGroup" name="browser" time="2.044"/>
  <system-out/>
  <testcase classname="org.case1.UsernameGroup" name="browserlaunch" time="0.933"/>
  <system-out/>
  <testcase classname="org.case1.UsernameGroup" name="browserlaunch" time="1.273"/>
  <system-out/>
  <testcase classname="org.case1.UsernameGroup" name="browserlaunch" time="0.222"/>
  <system-out/>
</testsuite> <!-- org.case1.UsernameGroup -->
